[debug] [2024-04-10T15:34:34.950Z] ----------------------------------------------------------------------
[debug] [2024-04-10T15:34:34.953Z] Command:       C:\Program Files\nodejs\node.exe C:\Users\devan\AppData\Roaming\npm\node_modules\firebase-tools\lib\bin\firebase.js deploy --only functions
[debug] [2024-04-10T15:34:34.953Z] CLI Version:   13.6.1
[debug] [2024-04-10T15:34:34.953Z] Platform:      win32
[debug] [2024-04-10T15:34:34.953Z] Node Version:  v21.6.2
[debug] [2024-04-10T15:34:34.953Z] Time:          Wed Apr 10 2024 21:04:34 GMT+0530 (India Standard Time)
[debug] [2024-04-10T15:34:34.954Z] ----------------------------------------------------------------------
[debug] 
[debug] [2024-04-10T15:34:34.958Z] >>> [apiv2][query] GET https://firebase-public.firebaseio.com/cli.json [none]
[debug] [2024-04-10T15:34:35.069Z] > command requires scopes: ["email","openid","https://www.googleapis.com/auth/cloudplatformprojects.readonly","https://www.googleapis.com/auth/firebase","https://www.googleapis.com/auth/cloud-platform"]
[debug] [2024-04-10T15:34:35.069Z] > authorizing via signed-in user (devanshsaxena1019@gmail.com)
[debug] [2024-04-10T15:34:35.070Z] [iam] checking project mymedicosupdated for permissions ["cloudfunctions.functions.create","cloudfunctions.functions.delete","cloudfunctions.functions.get","cloudfunctions.functions.list","cloudfunctions.functions.update","cloudfunctions.operations.get","firebase.projects.get"]
[debug] [2024-04-10T15:34:35.070Z] > refreshing access token with scopes: []
[debug] [2024-04-10T15:34:35.071Z] >>> [apiv2][query] POST https://www.googleapis.com/oauth2/v3/token [none]
[debug] [2024-04-10T15:34:35.071Z] >>> [apiv2][body] POST https://www.googleapis.com/oauth2/v3/token [omitted]
[debug] [2024-04-10T15:34:35.271Z] <<< [apiv2][status] POST https://www.googleapis.com/oauth2/v3/token 200
[debug] [2024-04-10T15:34:35.271Z] <<< [apiv2][body] POST https://www.googleapis.com/oauth2/v3/token [omitted]
[debug] [2024-04-10T15:34:35.280Z] >>> [apiv2][query] POST https://cloudresourcemanager.googleapis.com/v1/projects/mymedicosupdated:testIamPermissions [none]
[debug] [2024-04-10T15:34:35.280Z] >>> [apiv2][(partial)header] POST https://cloudresourcemanager.googleapis.com/v1/projects/mymedicosupdated:testIamPermissions x-goog-quota-user=projects/mymedicosupdated
[debug] [2024-04-10T15:34:35.280Z] >>> [apiv2][body] POST https://cloudresourcemanager.googleapis.com/v1/projects/mymedicosupdated:testIamPermissions {"permissions":["cloudfunctions.functions.create","cloudfunctions.functions.delete","cloudfunctions.functions.get","cloudfunctions.functions.list","cloudfunctions.functions.update","cloudfunctions.operations.get","firebase.projects.get"]}
[debug] [2024-04-10T15:34:35.649Z] <<< [apiv2][status] GET https://firebase-public.firebaseio.com/cli.json 200
[debug] [2024-04-10T15:34:35.649Z] <<< [apiv2][body] GET https://firebase-public.firebaseio.com/cli.json {"cloudBuildErrorAfter":1594252800000,"cloudBuildWarnAfter":1590019200000,"defaultNode10After":1594252800000,"minVersion":"3.0.5","node8DeploysDisabledAfter":1613390400000,"node8RuntimeDisabledAfter":1615809600000,"node8WarnAfter":1600128000000}
[debug] [2024-04-10T15:34:36.943Z] <<< [apiv2][status] POST https://cloudresourcemanager.googleapis.com/v1/projects/mymedicosupdated:testIamPermissions 200
[debug] [2024-04-10T15:34:36.943Z] <<< [apiv2][body] POST https://cloudresourcemanager.googleapis.com/v1/projects/mymedicosupdated:testIamPermissions {"permissions":["cloudfunctions.functions.create","cloudfunctions.functions.delete","cloudfunctions.functions.get","cloudfunctions.functions.list","cloudfunctions.functions.update","cloudfunctions.operations.get","firebase.projects.get"]}
[debug] [2024-04-10T15:34:36.944Z] >>> [apiv2][query] POST https://iam.googleapis.com/v1/projects/mymedicosupdated/serviceAccounts/mymedicosupdated@appspot.gserviceaccount.com:testIamPermissions [none]
[debug] [2024-04-10T15:34:36.944Z] >>> [apiv2][body] POST https://iam.googleapis.com/v1/projects/mymedicosupdated/serviceAccounts/mymedicosupdated@appspot.gserviceaccount.com:testIamPermissions {"permissions":["iam.serviceAccounts.actAs"]}
[debug] [2024-04-10T15:34:38.716Z] <<< [apiv2][status] POST https://iam.googleapis.com/v1/projects/mymedicosupdated/serviceAccounts/mymedicosupdated@appspot.gserviceaccount.com:testIamPermissions 200
[debug] [2024-04-10T15:34:38.716Z] <<< [apiv2][body] POST https://iam.googleapis.com/v1/projects/mymedicosupdated/serviceAccounts/mymedicosupdated@appspot.gserviceaccount.com:testIamPermissions {"permissions":["iam.serviceAccounts.actAs"]}
[info] 
[info] === Deploying to 'mymedicosupdated'...
[info] 
[info] i  deploying functions 
[debug] [2024-04-10T15:34:38.726Z] >>> [apiv2][query] GET https://firebase.googleapis.com/v1beta1/projects/mymedicosupdated [none]
[debug] [2024-04-10T15:34:39.293Z] <<< [apiv2][status] GET https://firebase.googleapis.com/v1beta1/projects/mymedicosupdated 200
[debug] [2024-04-10T15:34:39.293Z] <<< [apiv2][body] GET https://firebase.googleapis.com/v1beta1/projects/mymedicosupdated {"projectId":"mymedicosupdated","projectNumber":"968103235749","displayName":"mymedicosupdated","name":"projects/mymedicosupdated","resources":{"hostingSite":"mymedicosupdated","realtimeDatabaseInstance":"mymedicosupdated-default-rtdb","storageBucket":"mymedicosupdated.appspot.com","locationId":"us-central"},"state":"ACTIVE","etag":"1_687de856-57c0-4832-ba1e-1088a7a65daf"}
[info] i  functions: preparing codebase default for deployment 
[info] i  functions: preparing codebase mymedicosnotifications for deployment 
[info] i  functions: ensuring required API cloudfunctions.googleapis.com is enabled... 
[info] i  functions: ensuring required API cloudbuild.googleapis.com is enabled... 
[info] i  artifactregistry: ensuring required API artifactregistry.googleapis.com is enabled... 
[debug] [2024-04-10T15:34:39.295Z] >>> [apiv2][query] GET https://serviceusage.googleapis.com/v1/projects/mymedicosupdated/services/cloudfunctions.googleapis.com [none]
[debug] [2024-04-10T15:34:39.295Z] >>> [apiv2][(partial)header] GET https://serviceusage.googleapis.com/v1/projects/mymedicosupdated/services/cloudfunctions.googleapis.com x-goog-quota-user=projects/mymedicosupdated
[debug] [2024-04-10T15:34:39.296Z] >>> [apiv2][query] GET https://serviceusage.googleapis.com/v1/projects/mymedicosupdated/services/runtimeconfig.googleapis.com [none]
[debug] [2024-04-10T15:34:39.296Z] >>> [apiv2][(partial)header] GET https://serviceusage.googleapis.com/v1/projects/mymedicosupdated/services/runtimeconfig.googleapis.com x-goog-quota-user=projects/mymedicosupdated
[debug] [2024-04-10T15:34:39.297Z] >>> [apiv2][query] GET https://serviceusage.googleapis.com/v1/projects/mymedicosupdated/services/cloudbuild.googleapis.com [none]
[debug] [2024-04-10T15:34:39.297Z] >>> [apiv2][(partial)header] GET https://serviceusage.googleapis.com/v1/projects/mymedicosupdated/services/cloudbuild.googleapis.com x-goog-quota-user=projects/mymedicosupdated
[debug] [2024-04-10T15:34:39.298Z] >>> [apiv2][query] GET https://serviceusage.googleapis.com/v1/projects/mymedicosupdated/services/artifactregistry.googleapis.com [none]
[debug] [2024-04-10T15:34:39.298Z] >>> [apiv2][(partial)header] GET https://serviceusage.googleapis.com/v1/projects/mymedicosupdated/services/artifactregistry.googleapis.com x-goog-quota-user=projects/mymedicosupdated
[debug] [2024-04-10T15:34:41.200Z] <<< [apiv2][status] GET https://serviceusage.googleapis.com/v1/projects/mymedicosupdated/services/runtimeconfig.googleapis.com 200
[debug] [2024-04-10T15:34:41.200Z] <<< [apiv2][body] GET https://serviceusage.googleapis.com/v1/projects/mymedicosupdated/services/runtimeconfig.googleapis.com [omitted]
[debug] [2024-04-10T15:34:41.234Z] <<< [apiv2][status] GET https://serviceusage.googleapis.com/v1/projects/mymedicosupdated/services/cloudbuild.googleapis.com 200
[debug] [2024-04-10T15:34:41.234Z] <<< [apiv2][body] GET https://serviceusage.googleapis.com/v1/projects/mymedicosupdated/services/cloudbuild.googleapis.com [omitted]
[info] +  functions: required API cloudbuild.googleapis.com is enabled 
[debug] [2024-04-10T15:34:41.265Z] <<< [apiv2][status] GET https://serviceusage.googleapis.com/v1/projects/mymedicosupdated/services/cloudfunctions.googleapis.com 200
[debug] [2024-04-10T15:34:41.265Z] <<< [apiv2][body] GET https://serviceusage.googleapis.com/v1/projects/mymedicosupdated/services/cloudfunctions.googleapis.com [omitted]
[info] +  functions: required API cloudfunctions.googleapis.com is enabled 
[debug] [2024-04-10T15:34:41.271Z] <<< [apiv2][status] GET https://serviceusage.googleapis.com/v1/projects/mymedicosupdated/services/artifactregistry.googleapis.com 200
[debug] [2024-04-10T15:34:41.271Z] <<< [apiv2][body] GET https://serviceusage.googleapis.com/v1/projects/mymedicosupdated/services/artifactregistry.googleapis.com [omitted]
[info] +  artifactregistry: required API artifactregistry.googleapis.com is enabled 
[debug] [2024-04-10T15:34:41.272Z] >>> [apiv2][query] GET https://firebase.googleapis.com/v1beta1/projects/mymedicosupdated/adminSdkConfig [none]
[debug] [2024-04-10T15:34:42.737Z] <<< [apiv2][status] GET https://firebase.googleapis.com/v1beta1/projects/mymedicosupdated/adminSdkConfig 200
[debug] [2024-04-10T15:34:42.737Z] <<< [apiv2][body] GET https://firebase.googleapis.com/v1beta1/projects/mymedicosupdated/adminSdkConfig {"projectId":"mymedicosupdated","databaseURL":"https://mymedicosupdated-default-rtdb.asia-southeast1.firebasedatabase.app","storageBucket":"mymedicosupdated.appspot.com","locationId":"us-central"}
[debug] [2024-04-10T15:34:42.738Z] >>> [apiv2][query] GET https://runtimeconfig.googleapis.com/v1beta1/projects/mymedicosupdated/configs [none]
[debug] [2024-04-10T15:34:43.280Z] <<< [apiv2][status] GET https://runtimeconfig.googleapis.com/v1beta1/projects/mymedicosupdated/configs 200
[debug] [2024-04-10T15:34:43.280Z] <<< [apiv2][body] GET https://runtimeconfig.googleapis.com/v1beta1/projects/mymedicosupdated/configs {}
[debug] [2024-04-10T15:34:43.282Z] Validating nodejs source
[warn] !  functions: package.json indicates an outdated version of firebase-functions. Please upgrade using npm install --save firebase-functions@latest in your functions directory. 
[debug] [2024-04-10T15:34:44.615Z] > [functions] package.json contents: {
  "name": "functions",
  "description": "Cloud Functions for Firebase",
  "scripts": {
    "serve": "firebase emulators:start --only functions",
    "shell": "firebase functions:shell",
    "start": "npm run shell",
    "deploy": "firebase deploy --only functions",
    "logs": "firebase functions:log",
    "lint": "eslint .",
    "fix": "eslint . --fix"
  },
  "engines": {
    "node": "18"
  },
  "main": "index.js",
  "dependencies": {
    "firebase-admin": "^11.8.0",
    "firebase-functions": "^4.3.1"
  },
  "devDependencies": {
    "eslint": "^8.57.0",
    "eslint-config-google": "^0.14.0",
    "eslint-plugin-react": "^7.34.1",
    "firebase-functions-test": "^3.1.0"
  },
  "private": true
}
[debug] [2024-04-10T15:34:44.615Z] Building nodejs source
[info] i  functions: Loading and analyzing source code for codebase default to determine what to deploy 
[debug] [2024-04-10T15:34:44.616Z] Could not find functions.yaml. Must use http discovery
[debug] [2024-04-10T15:34:44.625Z] Found firebase-functions binary at 'C:\Users\devan\medicos\functions\node_modules\.bin\firebase-functions'
[info] Serving at port 8585

[debug] [2024-04-10T15:34:45.672Z] Got response from /__/functions.yaml {"endpoints":{"sendPushNotification":{"platform":"gcfv1","availableMemoryMb":null,"timeoutSeconds":null,"minInstances":null,"maxInstances":null,"ingressSettings":null,"serviceAccountEmail":null,"vpc":null,"eventTrigger":{"eventType":"providers/cloud.firestore/eventTypes/document.create","eventFilters":{"resource":"projects/mymedicosupdated/databases/(default)/documents/MedicalNews/{docId}"},"retry":false},"labels":{},"entryPoint":"sendPushNotification"}},"specVersion":"v1alpha1","requiredAPIs":[]}
[debug] [2024-04-10T15:34:50.702Z] Validating nodejs source
[warn] !  functions: package.json indicates an outdated version of firebase-functions. Please upgrade using npm install --save firebase-functions@latest in your functions directory. 
[debug] [2024-04-10T15:34:51.764Z] > [functions] package.json contents: {
  "name": "functions",
  "description": "Cloud Functions for Firebase",
  "scripts": {
    "serve": "firebase emulators:start --only functions",
    "shell": "firebase functions:shell",
    "start": "npm run shell",
    "deploy": "firebase deploy --only functions",
    "logs": "firebase functions:log"
  },
  "engines": {
    "node": "18"
  },
  "main": "index.js",
  "dependencies": {
    "firebase-admin": "^11.8.0",
    "firebase-functions": "^4.3.1"
  },
  "devDependencies": {
    "firebase-functions-test": "^3.1.0"
  },
  "private": true
}
[debug] [2024-04-10T15:34:51.764Z] Building nodejs source
[info] i  functions: Loading and analyzing source code for codebase mymedicosnotifications to determine what to deploy 
[debug] [2024-04-10T15:34:51.765Z] Could not find functions.yaml. Must use http discovery
[debug] [2024-04-10T15:34:51.771Z] Found firebase-functions binary at 'C:\Users\devan\medicos\mymedicosnotifications\node_modules\.bin\firebase-functions'
[info] Serving at port 8342

[debug] [2024-04-10T15:34:52.586Z] Got response from /__/functions.yaml {"endpoints":{},"specVersion":"v1alpha1","requiredAPIs":[]}
[info] i  functions: preparing functions directory for uploading... 
[info] i  functions: packaged C:\Users\devan\medicos\functions (86.32 KB) for uploading 
[debug] [2024-04-10T15:34:57.645Z] >>> [apiv2][query] GET https://cloudfunctions.googleapis.com/v1/projects/mymedicosupdated/locations/-/functions [none]
[debug] [2024-04-10T15:34:58.396Z] <<< [apiv2][status] GET https://cloudfunctions.googleapis.com/v1/projects/mymedicosupdated/locations/-/functions 200
[debug] [2024-04-10T15:34:58.396Z] <<< [apiv2][body] GET https://cloudfunctions.googleapis.com/v1/projects/mymedicosupdated/locations/-/functions {"functions":[{"name":"projects/mymedicosupdated/locations/us-central1/functions/sendNewsNotificationToAllUsers","eventTrigger":{"eventType":"providers/cloud.firestore/eventTypes/document.create","resource":"projects/mymedicosupdated/databases/(default)/documents/MedicalNews/{newsId}","service":"firestore.googleapis.com","failurePolicy":{}},"status":"ACTIVE","entryPoint":"sendNewsNotificationToAllUsers","timeout":"60s","availableMemoryMb":256,"serviceAccountEmail":"mymedicosupdated@appspot.gserviceaccount.com","updateTime":"2024-04-04T10:03:38.785Z","versionId":"1","labels":{"deployment-tool":"cli-firebase","firebase-functions-hash":"8f520e5a80edc96f75feef8f961cf52658a683ab"},"sourceUploadUrl":"https://storage.googleapis.com/uploads-646561039603.us-central1.cloudfunctions.appspot.com/1d15893d-2994-45f9-86b7-872ddedc25eb.zip","environmentVariables":{"FIREBASE_CONFIG":"{\"projectId\":\"mymedicosupdated\",\"databaseURL\":\"https://mymedicosupdated-default-rtdb.asia-southeast1.firebasedatabase.app\",\"storageBucket\":\"mymedicosupdated.appspot.com\",\"locationId\":\"us-central\"}","GCLOUD_PROJECT":"mymedicosupdated","EVENTARC_CLOUD_EVENT_SOURCE":"projects/mymedicosupdated/locations/us-central1/functions/sendNewsNotificationToAllUsers"},"runtime":"nodejs18","maxInstances":3000,"ingressSettings":"ALLOW_ALL","buildId":"1c357521-d342-4753-943a-bba816e8aa7e","buildEnvironmentVariables":{"GOOGLE_NODE_RUN_SCRIPTS":""},"buildName":"projects/968103235749/locations/us-central1/builds/1c357521-d342-4753-943a-bba816e8aa7e","dockerRegistry":"ARTIFACT_REGISTRY","automaticUpdatePolicy":{}}]}
[debug] [2024-04-10T15:34:58.397Z] >>> [apiv2][query] GET https://cloudfunctions.googleapis.com/v2/projects/mymedicosupdated/locations/-/functions filter=environment%3D%22GEN_2%22
[debug] [2024-04-10T15:34:59.953Z] <<< [apiv2][status] GET https://cloudfunctions.googleapis.com/v2/projects/mymedicosupdated/locations/-/functions 200
[debug] [2024-04-10T15:34:59.954Z] <<< [apiv2][body] GET https://cloudfunctions.googleapis.com/v2/projects/mymedicosupdated/locations/-/functions {}
[debug] [2024-04-10T15:34:59.959Z] >>> [apiv2][query] GET https://firebase.googleapis.com/v1beta1/projects/mymedicosupdated [none]
[debug] [2024-04-10T15:35:00.444Z] <<< [apiv2][status] GET https://firebase.googleapis.com/v1beta1/projects/mymedicosupdated 200
[debug] [2024-04-10T15:35:00.444Z] <<< [apiv2][body] GET https://firebase.googleapis.com/v1beta1/projects/mymedicosupdated {"projectId":"mymedicosupdated","projectNumber":"968103235749","displayName":"mymedicosupdated","name":"projects/mymedicosupdated","resources":{"hostingSite":"mymedicosupdated","realtimeDatabaseInstance":"mymedicosupdated-default-rtdb","storageBucket":"mymedicosupdated.appspot.com","locationId":"us-central"},"state":"ACTIVE","etag":"1_687de856-57c0-4832-ba1e-1088a7a65daf"}
[debug] [2024-04-10T15:35:00.446Z] >>> [apiv2][query] POST https://cloudfunctions.googleapis.com/v1/projects/mymedicosupdated/locations/us-central1/functions:generateUploadUrl [none]
[debug] [2024-04-10T15:35:00.446Z] >>> [apiv2][body] POST https://cloudfunctions.googleapis.com/v1/projects/mymedicosupdated/locations/us-central1/functions:generateUploadUrl {}
[debug] [2024-04-10T15:35:01.281Z] <<< [apiv2][status] POST https://cloudfunctions.googleapis.com/v1/projects/mymedicosupdated/locations/us-central1/functions:generateUploadUrl 200
[debug] [2024-04-10T15:35:01.281Z] <<< [apiv2][body] POST https://cloudfunctions.googleapis.com/v1/projects/mymedicosupdated/locations/us-central1/functions:generateUploadUrl {"uploadUrl":"https://storage.googleapis.com/uploads-646561039603.us-central1.cloudfunctions.appspot.com/084fda5d-7a43-415d-a109-6859defeb64d.zip?GoogleAccessId=service-968103235749@gcf-admin-robot.iam.gserviceaccount.com&Expires=1712765105&Signature=nogjxCSNABazg8KSFnnElFERApJ65e%2BsSDI03W2zd0iDB%2FPJ%2F6JmPs5c7h%2BQwKvsoVnWuxlI4SGjV7aWKTfN%2Bhla0DAqc6WLRrj6bF7EcsEmmTKkIkH7GYK7q0OYzWPPi9wA3aERYKvwv08LJwapuz02cTX16Ko1DJHRyeBfNZjBUjnrDeed07zmlpW7%2FCIT3OjoBSLij8I25dBCjfdG0eL1Q4lFkdbz7k67P31visuvU26p2UrIqo3ym9EVRD6U39bYPgY5j%2FCsfjc50GlDCkManUZ6LLY%2BuVmygSmQBEm%2BbUkQdPYEzJ2cA%2F%2FqirbdQJKbtQtWtLOBOQcCDfsPcg%3D%3D"}
[debug] [2024-04-10T15:35:01.282Z] >>> [apiv2][query] PUT https://storage.googleapis.com/uploads-646561039603.us-central1.cloudfunctions.appspot.com/084fda5d-7a43-415d-a109-6859defeb64d.zip GoogleAccessId=service-968103235749%40gcf-admin-robot.iam.gserviceaccount.com&Expires=1712765105&Signature=nogjxCSNABazg8KSFnnElFERApJ65e%2BsSDI03W2zd0iDB%2FPJ%2F6JmPs5c7h%2BQwKvsoVnWuxlI4SGjV7aWKTfN%2Bhla0DAqc6WLRrj6bF7EcsEmmTKkIkH7GYK7q0OYzWPPi9wA3aERYKvwv08LJwapuz02cTX16Ko1DJHRyeBfNZjBUjnrDeed07zmlpW7%2FCIT3OjoBSLij8I25dBCjfdG0eL1Q4lFkdbz7k67P31visuvU26p2UrIqo3ym9EVRD6U39bYPgY5j%2FCsfjc50GlDCkManUZ6LLY%2BuVmygSmQBEm%2BbUkQdPYEzJ2cA%2F%2FqirbdQJKbtQtWtLOBOQcCDfsPcg%3D%3D
[debug] [2024-04-10T15:35:01.282Z] >>> [apiv2][body] PUT https://storage.googleapis.com/uploads-646561039603.us-central1.cloudfunctions.appspot.com/084fda5d-7a43-415d-a109-6859defeb64d.zip [stream]
[debug] [2024-04-10T15:35:02.392Z] <<< [apiv2][status] PUT https://storage.googleapis.com/uploads-646561039603.us-central1.cloudfunctions.appspot.com/084fda5d-7a43-415d-a109-6859defeb64d.zip 200
[debug] [2024-04-10T15:35:02.392Z] <<< [apiv2][body] PUT https://storage.googleapis.com/uploads-646561039603.us-central1.cloudfunctions.appspot.com/084fda5d-7a43-415d-a109-6859defeb64d.zip [omitted]
[info] +  functions: functions folder uploaded successfully 
[info] 
The following functions are found in your project but do not exist in your local source code:
	sendNewsNotificationToAllUsers(us-central1)

If you are renaming a function or changing its region, it is recommended that you create the new function first before deleting the old one to prevent event loss. For more info, visit https://firebase.google.com/docs/functions/manage-functions#modify

